[00:00:08] [main/INFO]: Loading Minecraft 1.21 with Fabric Loader 0.15.11
[00:00:08] [main/INFO]: Loading 5 mods:
	- fabricloader 0.15.11
	   \-- mixinextras 0.3.5
	- java 22
	- lithium 0.12.7
	- minecraft 1.21
[00:00:08] [main/INFO]: SpongePowered MIXIN Subsystem Version=0.8.5 Source=file:/C:/Users/Owner/Desktop/fightclub_minecraft/mcss_win-x86-64_v13.8.0/servers/fightclub_vanilla/libraries/net/fabricmc/sponge-mixin/0.13.3+mixin.0.8.5/sponge-mixin-0.13.3+mixin.0.8.5.jar Service=Knot/Fabric Env=SERVER
[00:00:08] [main/INFO]: Compatibility level set to JAVA_16
[00:00:08] [main/INFO]: Loaded configuration file for Lithium: 138 options available, 0 override(s) found
[00:00:09] [main/INFO]: Initializing MixinExtras via com.llamalad7.mixinextras.service.MixinExtrasServiceImpl(version=0.3.5).
[00:00:17] [main/INFO]: Environment: Environment[sessionHost=https://sessionserver.mojang.com, servicesHost=https://api.minecraftservices.com, name=PROD]
[00:00:18] [main/INFO]: Loaded 1290 recipes
[00:00:18] [main/INFO]: Loaded 1399 advancements
[00:00:19] [Server thread/INFO]: Starting minecraft server version 1.21
[00:00:19] [Server thread/INFO]: Loading properties
[00:00:19] [Server thread/INFO]: Default game type: SURVIVAL
[00:00:19] [Server thread/INFO]: Generating keypair
[00:00:19] [Server thread/INFO]: Starting Minecraft server on 192.168.86.140:25565
[00:00:19] [Server thread/INFO]: Using default channel type
[00:00:19] [Server thread/INFO]: Preparing level "world"
[00:00:21] [Server thread/INFO]: Preparing start region for dimension minecraft:overworld
[00:00:21] [Worker-Main-1/INFO]: Preparing spawn area: 0%
[00:00:21] [Server thread/INFO]: Time elapsed: 411 ms
[00:00:21] [Server thread/INFO]: Done (1.781s)! For help, type "help"
[13:06:01] [Server thread/INFO]: Stopping the server
[13:06:01] [Server thread/INFO]: Stopping server
[13:06:01] [Server thread/INFO]: Saving players
[13:06:01] [Server thread/INFO]: Saving worlds
[13:06:01] [Server thread/INFO]: Saving chunks for level 'ServerLevel[world]'/minecraft:overworld
[13:06:01] [Server thread/INFO]: Saving chunks for level 'ServerLevel[world]'/minecraft:the_nether
[13:06:01] [Server thread/INFO]: Saving chunks for level 'ServerLevel[world]'/minecraft:the_end
[13:06:01] [Server thread/INFO]: ThreadedAnvilChunkStorage (world): All chunks are saved
[13:06:01] [Server thread/INFO]: ThreadedAnvilChunkStorage (DIM-1): All chunks are saved
[13:06:01] [Server thread/INFO]: ThreadedAnvilChunkStorage (DIM1): All chunks are saved
[13:06:01] [Server thread/INFO]: ThreadedAnvilChunkStorage: All dimensions are saved
