[00:00:50] [main/INFO]: Loading Minecraft 1.21 with Fabric Loader 0.15.11
[00:00:50] [main/INFO]: Loading 5 mods:
	- fabricloader 0.15.11
	   \-- mixinextras 0.3.5
	- java 22
	- lithium 0.12.7
	- minecraft 1.21
[00:00:50] [main/INFO]: SpongePowered MIXIN Subsystem Version=0.8.5 Source=file:/C:/Users/Owner/Desktop/fightclub_minecraft/vanilla%201.21.1/libraries/net/fabricmc/sponge-mixin/0.13.3+mixin.0.8.5/sponge-mixin-0.13.3+mixin.0.8.5.jar Service=Knot/Fabric Env=SERVER
[00:00:50] [main/INFO]: Compatibility level set to JAVA_16
[00:00:50] [main/INFO]: Loaded configuration file for Lithium: 138 options available, 0 override(s) found
[00:00:52] [main/INFO]: Initializing MixinExtras via com.llamalad7.mixinextras.service.MixinExtrasServiceImpl(version=0.3.5).
[00:01:05] [main/INFO]: Environment: Environment[sessionHost=https://sessionserver.mojang.com, servicesHost=https://api.minecraftservices.com, name=PROD]
[00:01:07] [main/INFO]: Loaded 1290 recipes
[00:01:07] [main/INFO]: Loaded 1399 advancements
[00:01:08] [Server thread/INFO]: Starting minecraft server version 1.21
[00:01:08] [Server thread/INFO]: Loading properties
[00:01:08] [Server thread/INFO]: Default game type: SURVIVAL
[00:01:08] [Server thread/INFO]: Generating keypair
[00:01:08] [Server thread/INFO]: Starting Minecraft server on 192.168.86.140:25565
[00:01:09] [Server thread/INFO]: Using default channel type
[00:01:09] [Server thread/INFO]: Preparing level "world"
[00:01:11] [Server thread/INFO]: Preparing start region for dimension minecraft:overworld
[00:01:11] [Worker-Main-1/INFO]: Preparing spawn area: 0%
[00:01:12] [Server thread/INFO]: Time elapsed: 672 ms
[00:01:12] [Server thread/INFO]: Done (2.941s)! For help, type "help"
[00:05:21] [User Authenticator #1/INFO]: UUID of player ASFJASJHALALF is 80d98bcf-8ba8-4a57-9f35-2bd618a9e3a8
[00:05:22] [Server thread/INFO]: ASFJASJHALALF[/192.168.86.69:60692] logged in with entity id 75 at (39.06206429179828, 71.0, 31.256043393477547)
[00:05:22] [Server thread/INFO]: ASFJASJHALALF joined the game
[00:05:27] [Server thread/INFO]: [ASFJASJHALALF: Set the time to 1000]
[00:06:29] [Server thread/INFO]: [ASFJASJHALALF: Set own game mode to Spectator Mode]
[00:06:31] [Server thread/WARN]: ASFJASJHALALF moved too quickly! 20.300544826868446,1.214854799171448,12.813902301677274
[00:06:31] [Server thread/WARN]: ASFJASJHALALF moved too quickly! 16.717364290083196,1.1752186933445614,11.31003604153912
[00:06:59] [Server thread/INFO]: [ASFJASJHALALF: Set own game mode to Survival Mode]
[00:15:15] [Server thread/INFO]: ASFJASJHALALF has made the advancement [Sweet Dreams]
[00:25:21] [Server thread/INFO]: ASFJASJHALALF lost connection: Disconnected
[00:25:21] [Server thread/INFO]: ASFJASJHALALF left the game
[13:06:23] [User Authenticator #2/INFO]: UUID of player takamakii is b8a0f0be-e8bd-41b7-b8b3-d5fb4602684a
[13:06:24] [Server thread/INFO]: takamakii[/73.68.47.232:56224] logged in with entity id 5356 at (54.5, 72.0, 41.5)
[13:06:24] [Server thread/INFO]: takamakii joined the game
[13:06:31] [Server thread/INFO]: takamakii lost connection: Disconnected
[13:06:31] [Server thread/INFO]: takamakii left the game
[13:20:34] [User Authenticator #3/INFO]: UUID of player Jezzums is e88efef4-13d1-45e6-9f5a-971a7509bf42
[13:20:35] [Server thread/INFO]: Jezzums[/73.100.42.198:52159] logged in with entity id 5666 at (44.5, 70.0, 25.5)
[13:20:35] [Server thread/INFO]: Jezzums joined the game
[13:21:02] [Server thread/INFO]: Jezzums lost connection: Disconnected
[13:21:02] [Server thread/INFO]: Jezzums left the game
[15:51:44] [Server thread/INFO]: Stopping the server
[15:51:44] [Server thread/INFO]: Stopping server
[15:51:44] [Server thread/INFO]: Saving players
[15:51:44] [Server thread/INFO]: Saving worlds
[15:51:44] [Server thread/INFO]: Saving chunks for level 'ServerLevel[world]'/minecraft:overworld
[15:51:45] [Server thread/INFO]: Saving chunks for level 'ServerLevel[world]'/minecraft:the_nether
[15:51:45] [Server thread/INFO]: Saving chunks for level 'ServerLevel[world]'/minecraft:the_end
[15:51:45] [Server thread/INFO]: ThreadedAnvilChunkStorage (world): All chunks are saved
[15:51:45] [Server thread/INFO]: ThreadedAnvilChunkStorage (DIM-1): All chunks are saved
[15:51:45] [Server thread/INFO]: ThreadedAnvilChunkStorage (DIM1): All chunks are saved
[15:51:45] [Server thread/INFO]: ThreadedAnvilChunkStorage: All dimensions are saved
