[30Jun2024 23:14:42.548] [main/INFO] [cpw.mods.modlauncher.Launcher/MODLAUNCHER]: ModLauncher running: args [--launchTarget, forgeserver, --fml.forgeVersion, 43.3.5, --fml.mcVersion, 1.19.2, --fml.forgeGroup, net.minecraftforge, --fml.mcpVersion, 20220805.130853, nogui]
[30Jun2024 23:14:42.554] [main/INFO] [cpw.mods.modlauncher.Launcher/MODLAUNCHER]: ModLauncher 10.0.8+10.0.8+main.0ef7e830 starting: java version 22.0.1 by Oracle Corporation; OS Windows 10 arch amd64 version 10.0
[30Jun2024 23:14:44.505] [main/INFO] [mixin/]: SpongePowered MIXIN Subsystem Version=0.8.5 Source=union:/C:/Users/Owner/Desktop/fightclub_minecraft/fn_1.19.2/libraries/org/spongepowered/mixin/0.8.5/mixin-0.8.5.jar%2363!/ Service=ModLauncher Env=SERVER
[30Jun2024 23:14:45.409] [main/WARN] [net.minecraftforge.fml.loading.moddiscovery.ModFileParser/LOADING]: Mod file C:\Users\Owner\Desktop\fightclub_minecraft\fn_1.19.2\libraries\net\minecraftforge\fmlcore\1.19.2-43.3.5\fmlcore-1.19.2-43.3.5.jar is missing mods.toml file
[30Jun2024 23:14:45.413] [main/WARN] [net.minecraftforge.fml.loading.moddiscovery.ModFileParser/LOADING]: Mod file C:\Users\Owner\Desktop\fightclub_minecraft\fn_1.19.2\libraries\net\minecraftforge\javafmllanguage\1.19.2-43.3.5\javafmllanguage-1.19.2-43.3.5.jar is missing mods.toml file
[30Jun2024 23:14:45.416] [main/WARN] [net.minecraftforge.fml.loading.moddiscovery.ModFileParser/LOADING]: Mod file C:\Users\Owner\Desktop\fightclub_minecraft\fn_1.19.2\libraries\net\minecraftforge\lowcodelanguage\1.19.2-43.3.5\lowcodelanguage-1.19.2-43.3.5.jar is missing mods.toml file
[30Jun2024 23:14:45.419] [main/WARN] [net.minecraftforge.fml.loading.moddiscovery.ModFileParser/LOADING]: Mod file C:\Users\Owner\Desktop\fightclub_minecraft\fn_1.19.2\libraries\net\minecraftforge\mclanguage\1.19.2-43.3.5\mclanguage-1.19.2-43.3.5.jar is missing mods.toml file
[30Jun2024 23:14:45.629] [main/WARN] [net.minecraftforge.jarjar.selection.JarSelector/]: Attempted to select two dependency jars from JarJar which have the same identification: Mod File:  and Mod File: . Using Mod File: 
[30Jun2024 23:14:45.631] [main/WARN] [net.minecraftforge.jarjar.selection.JarSelector/]: Attempted to select a dependency jar for JarJar which was passed in as source: terrablender. Using Mod File: C:\Users\Owner\Desktop\fightclub_minecraft\fn_1.19.2\mods\TerraBlender-forge-1.19.2-2.0.1.166.jar
[30Jun2024 23:14:45.632] [main/WARN] [net.minecraftforge.jarjar.selection.JarSelector/]: Attempted to select a dependency jar for JarJar which was passed in as source: curios. Using Mod File: C:\Users\Owner\Desktop\fightclub_minecraft\fn_1.19.2\mods\curios-forge-1.19.2-5.1.4.3.jar
[30Jun2024 23:14:45.632] [main/INFO] [net.minecraftforge.fml.loading.moddiscovery.JarInJarDependencyLocator/]: Found 12 dependencies adding them to mods collection
[30Jun2024 23:14:47.334] [main/INFO] [mixin/]: Compatibility level set to JAVA_17
[30Jun2024 23:14:47.478] [main/ERROR] [mixin/]: Mixin config necronomicon.forge.mixins.json does not specify "minVersion" property
[30Jun2024 23:14:47.498] [main/ERROR] [mixin/]: Mixin config spruceui.mixins.json does not specify "minVersion" property
[30Jun2024 23:14:47.571] [main/INFO] [mixin/]: Successfully loaded Mixin Connector [com.sonicether.soundphysics.MixinConnector]
[30Jun2024 23:14:47.572] [main/INFO] [mixin/]: Successfully loaded Mixin Connector [ca.spottedleaf.starlight.mixin.MixinConnector]
[30Jun2024 23:14:47.574] [main/INFO] [cpw.mods.modlauncher.LaunchServiceHandler/MODLAUNCHER]: Launching target 'forgeserver' with arguments [nogui]
[30Jun2024 23:14:47.594] [main/WARN] [mixin/]: Reference map 'insanelib.refmap.json' for insanelib.mixins.json could not be read. If this is a development environment you can ignore this message
[30Jun2024 23:14:47.651] [main/INFO] [ModernFix/]: Loaded configuration file for ModernFix 5.16.1+mc1.19.2: 84 options available, 0 override(s) found
[30Jun2024 23:14:47.652] [main/INFO] [ModernFix/]: Applying Nashorn fix
[30Jun2024 23:14:47.663] [main/INFO] [ModernFix/]: Applied Forge config corruption patch
[30Jun2024 23:14:47.738] [main/WARN] [mixin/]: Reference map 'lmft-forge-refmap.json' for lmft.mixins.json could not be read. If this is a development environment you can ignore this message
[30Jun2024 23:14:47.745] [main/WARN] [mixin/]: Reference map 'mysticaloaktree-common-refmap.json' for mysticaloaktree-common.mixins.json could not be read. If this is a development environment you can ignore this message
[30Jun2024 23:14:47.746] [main/WARN] [mixin/]: Reference map 'mysticaloaktree-forge-refmap.json' for mysticaloaktree.mixins.json could not be read. If this is a development environment you can ignore this message
[30Jun2024 23:14:47.765] [main/WARN] [mixin/]: Reference map 'ysnsforge.refmap.json' for ysns.mixins.json could not be read. If this is a development environment you can ignore this message
[30Jun2024 23:14:47.774] [main/WARN] [mixin/]: Reference map 'nitrogen_internals.refmap.json' for nitrogen_internals.mixins.json could not be read. If this is a development environment you can ignore this message
[30Jun2024 23:14:47.791] [main/WARN] [mixin/]: Reference map 'EpheroLib-refmap.json' for epherolib.mixins.json could not be read. If this is a development environment you can ignore this message
[30Jun2024 23:14:47.856] [main/WARN] [mixin/]: Reference map 'fastpaintings-forge-refmap.json' for fastpaintings-forge.mixins.json could not be read. If this is a development environment you can ignore this message
[30Jun2024 23:14:47.989] [main/INFO] [com.cupboard.Cupboard/]: Loaded config for: recipeessentials.json
[30Jun2024 23:14:48.108] [main/INFO] [com.cupboard.Cupboard/]: Loaded config for: structureessentials.json
[30Jun2024 23:14:48.409] [main/WARN] [mixin/]: Error loading class: vectorwing/farmersdelight/common/block/TomatoVineBlock (java.lang.ClassNotFoundException: vectorwing.farmersdelight.common.block.TomatoVineBlock)
[30Jun2024 23:14:48.410] [main/WARN] [mixin/]: @Mixin target vectorwing.farmersdelight.common.block.TomatoVineBlock was not found supplementaries.mixins.json:CompatFarmersDelightMixin
[30Jun2024 23:14:48.488] [main/WARN] [mixin/]: Error loading class: net/mcreator/midnightmadness/procedures/WelcomingMSGProcedure (java.lang.ClassNotFoundException: net.mcreator.midnightmadness.procedures.WelcomingMSGProcedure)
[30Jun2024 23:14:48.488] [main/WARN] [mixin/]: @Mixin target net.mcreator.midnightmadness.procedures.WelcomingMSGProcedure was not found teraphobia.mixins.json:integrations.midnight_madness.RemoveWelcomeMessageMixin
[30Jun2024 23:14:48.533] [main/ERROR] [net.minecraftforge.fml.loading.RuntimeDistCleaner/DISTXFORM]: Attempted to load class net/minecraft/client/gui/screens/multiplayer/ServerSelectionList for invalid dist DEDICATED_SERVER
[30Jun2024 23:14:48.534] [main/WARN] [mixin/]: Error loading class: net/minecraft/client/gui/screens/multiplayer/ServerSelectionList (java.lang.RuntimeException: Attempted to load class net/minecraft/client/gui/screens/multiplayer/ServerSelectionList for invalid dist DEDICATED_SERVER)
[30Jun2024 23:14:48.535] [main/WARN] [mixin/]: @Mixin target net.minecraft.client.gui.screens.multiplayer.ServerSelectionList was not found serverbrowser.mixins.json:ServerSelectionMixin
[30Jun2024 23:14:48.840] [main/WARN] [mixin/]: Error loading class: noobanidus/mods/lootr/config/ConfigManager (java.lang.ClassNotFoundException: noobanidus.mods.lootr.config.ConfigManager)
[30Jun2024 23:14:49.001] [main/WARN] [net.tonimatasdev.packetfixerforge.mixin.MixinConfigPlugin/]: For can't fit X into 3 error fix. Delete Krypton.
[30Jun2024 23:14:49.002] [main/WARN] [net.tonimatasdev.packetfixerforge.mixin.MixinConfigPlugin/]: For can't fit X into 3 error fix. Delete Krypton.
[30Jun2024 23:14:49.012] [main/WARN] [mixin/]: Error loading class: com/mojang/blaze3d/audio/Channel (java.lang.ClassNotFoundException: com.mojang.blaze3d.audio.Channel)
[30Jun2024 23:14:49.012] [main/WARN] [mixin/]: @Mixin target com.mojang.blaze3d.audio.Channel was not found assets/sound_physics_remastered/sound_physics_remastered.mixins.json:ChannelAccessor
[30Jun2024 23:14:49.017] [main/INFO] [memoryleakfix/]: [MemoryLeakFix] Will be applying 2 memory leak fixes!
[30Jun2024 23:14:49.017] [main/INFO] [memoryleakfix/]: [MemoryLeakFix] Currently enabled memory leak fixes: [entityMemoriesLeak, biomeTemperatureLeak]
[30Jun2024 23:14:49.032] [main/WARN] [mixin/]: Error loading class: java/lang/invoke/MethodHandles$Lookup (java.lang.IllegalArgumentException: Unsupported class file major version 66)
[30Jun2024 23:14:49.034] [main/WARN] [mixin/]: Error loading class: java/util/Map$Entry (java.lang.IllegalArgumentException: Unsupported class file major version 66)
[30Jun2024 23:14:49.035] [main/WARN] [mixin/]: Error loading class: java/lang/invoke/MethodHandles$Lookup (java.lang.IllegalArgumentException: Unsupported class file major version 66)
[30Jun2024 23:14:49.038] [main/WARN] [mixin/]: Error loading class: java/lang/invoke/MethodHandles$Lookup (java.lang.IllegalArgumentException: Unsupported class file major version 66)
[30Jun2024 23:14:49.040] [main/WARN] [mixin/]: Error loading class: java/lang/invoke/MethodHandles$Lookup (java.lang.IllegalArgumentException: Unsupported class file major version 66)
[30Jun2024 23:14:49.051] [main/WARN] [mixin/]: Error loading class: java/lang/invoke/MethodHandles$Lookup (java.lang.IllegalArgumentException: Unsupported class file major version 66)
[30Jun2024 23:14:49.052] [main/WARN] [mixin/]: Error loading class: java/lang/invoke/MethodHandles$Lookup (java.lang.IllegalArgumentException: Unsupported class file major version 66)
[30Jun2024 23:14:49.052] [main/WARN] [mixin/]: Error loading class: java/lang/invoke/MethodHandles$Lookup (java.lang.IllegalArgumentException: Unsupported class file major version 66)
[30Jun2024 23:14:49.053] [main/WARN] [mixin/]: Error loading class: java/lang/invoke/MethodHandles$Lookup (java.lang.IllegalArgumentException: Unsupported class file major version 66)
[30Jun2024 23:14:49.054] [main/WARN] [mixin/]: Error loading class: java/lang/invoke/MethodHandles$Lookup (java.lang.IllegalArgumentException: Unsupported class file major version 66)
[30Jun2024 23:14:49.057] [main/WARN] [mixin/]: Error loading class: java/lang/invoke/MethodHandles$Lookup (java.lang.IllegalArgumentException: Unsupported class file major version 66)
[30Jun2024 23:14:49.058] [main/WARN] [mixin/]: Error loading class: java/lang/invoke/MethodHandles$Lookup (java.lang.IllegalArgumentException: Unsupported class file major version 66)
[30Jun2024 23:14:49.059] [main/WARN] [mixin/]: Error loading class: java/lang/invoke/MethodHandles$Lookup (java.lang.IllegalArgumentException: Unsupported class file major version 66)
[30Jun2024 23:14:49.061] [main/WARN] [mixin/]: Error loading class: java/lang/invoke/MethodHandles$Lookup (java.lang.IllegalArgumentException: Unsupported class file major version 66)
[30Jun2024 23:14:49.062] [main/WARN] [mixin/]: Error loading class: java/lang/invoke/MethodHandles$Lookup (java.lang.IllegalArgumentException: Unsupported class file major version 66)
[30Jun2024 23:14:49.063] [main/WARN] [mixin/]: Error loading class: java/lang/invoke/MethodHandles$Lookup (java.lang.IllegalArgumentException: Unsupported class file major version 66)
[30Jun2024 23:14:49.070] [main/WARN] [mixin/]: Error loading class: java/lang/invoke/MethodHandles$Lookup (java.lang.IllegalArgumentException: Unsupported class file major version 66)
[30Jun2024 23:14:49.072] [main/WARN] [mixin/]: Error loading class: java/lang/invoke/MethodHandles$Lookup (java.lang.IllegalArgumentException: Unsupported class file major version 66)
[30Jun2024 23:14:49.077] [main/WARN] [mixin/]: Error loading class: java/lang/invoke/MethodHandles$Lookup (java.lang.IllegalArgumentException: Unsupported class file major version 66)
[30Jun2024 23:14:49.080] [main/WARN] [mixin/]: Error loading class: java/util/Map$Entry (java.lang.IllegalArgumentException: Unsupported class file major version 66)
[30Jun2024 23:14:49.081] [main/WARN] [mixin/]: Error loading class: java/lang/invoke/MethodHandles$Lookup (java.lang.IllegalArgumentException: Unsupported class file major version 66)
[30Jun2024 23:14:49.084] [main/WARN] [mixin/]: Error loading class: java/lang/invoke/MethodHandles$Lookup (java.lang.IllegalArgumentException: Unsupported class file major version 66)
[30Jun2024 23:14:49.087] [main/WARN] [mixin/]: Error loading class: java/lang/invoke/MethodHandles$Lookup (java.lang.IllegalArgumentException: Unsupported class file major version 66)
[30Jun2024 23:14:49.089] [main/WARN] [mixin/]: Error loading class: java/lang/invoke/MethodHandles$Lookup (java.lang.IllegalArgumentException: Unsupported class file major version 66)
[30Jun2024 23:14:49.091] [main/WARN] [mixin/]: Error loading class: java/lang/invoke/MethodHandles$Lookup (java.lang.IllegalArgumentException: Unsupported class file major version 66)
[30Jun2024 23:14:49.092] [main/WARN] [mixin/]: Error loading class: java/lang/invoke/MethodHandles$Lookup (java.lang.IllegalArgumentException: Unsupported class file major version 66)
[30Jun2024 23:14:49.099] [main/WARN] [mixin/]: Error loading class: java/util/concurrent/ForkJoinPool$ForkJoinWorkerThreadFactory (java.lang.IllegalArgumentException: Unsupported class file major version 66)
[30Jun2024 23:14:49.099] [main/WARN] [mixin/]: Error loading class: java/lang/invoke/MethodHandles$Lookup (java.lang.IllegalArgumentException: Unsupported class file major version 66)
[30Jun2024 23:14:49.101] [main/WARN] [mixin/]: Error loading class: java/lang/invoke/MethodHandles$Lookup (java.lang.IllegalArgumentException: Unsupported class file major version 66)
[30Jun2024 23:14:49.103] [main/WARN] [mixin/]: Error loading class: java/lang/invoke/MethodHandles$Lookup (java.lang.IllegalArgumentException: Unsupported class file major version 66)
[30Jun2024 23:14:49.104] [main/WARN] [mixin/]: Error loading class: java/lang/invoke/MethodHandles$Lookup (java.lang.IllegalArgumentException: Unsupported class file major version 66)
[30Jun2024 23:14:49.105] [main/WARN] [mixin/]: Error loading class: java/lang/invoke/MethodHandles$Lookup (java.lang.IllegalArgumentException: Unsupported class file major version 66)
[30Jun2024 23:14:49.106] [main/WARN] [mixin/]: Error loading class: java/lang/invoke/MethodHandles$Lookup (java.lang.IllegalArgumentException: Unsupported class file major version 66)
[30Jun2024 23:14:49.106] [main/WARN] [mixin/]: Error loading class: java/lang/invoke/MethodHandles$Lookup (java.lang.IllegalArgumentException: Unsupported class file major version 66)
[30Jun2024 23:14:49.119] [main/WARN] [mixin/]: Error loading class: java/lang/invoke/MethodHandles$Lookup (java.lang.IllegalArgumentException: Unsupported class file major version 66)
[30Jun2024 23:14:49.121] [main/WARN] [mixin/]: Error loading class: java/lang/invoke/MethodHandles$Lookup (java.lang.IllegalArgumentException: Unsupported class file major version 66)
[30Jun2024 23:14:49.122] [main/WARN] [mixin/]: Error loading class: java/lang/invoke/MethodHandles$Lookup (java.lang.IllegalArgumentException: Unsupported class file major version 66)
[30Jun2024 23:14:49.123] [main/WARN] [mixin/]: Error loading class: java/lang/invoke/MethodHandles$Lookup (java.lang.IllegalArgumentException: Unsupported class file major version 66)
[30Jun2024 23:14:49.123] [main/WARN] [mixin/]: Error loading class: java/lang/invoke/MethodHandles$Lookup (java.lang.IllegalArgumentException: Unsupported class file major version 66)
[30Jun2024 23:14:49.135] [main/WARN] [mixin/]: Error loading class: java/lang/invoke/MethodHandles$Lookup (java.lang.IllegalArgumentException: Unsupported class file major version 66)
[30Jun2024 23:14:49.135] [main/WARN] [mixin/]: Error loading class: java/lang/invoke/MethodHandles$Lookup (java.lang.IllegalArgumentException: Unsupported class file major version 66)
[30Jun2024 23:14:49.136] [main/WARN] [mixin/]: Error loading class: java/util/Map$Entry (java.lang.IllegalArgumentException: Unsupported class file major version 66)
[30Jun2024 23:14:49.137] [main/WARN] [mixin/]: Error loading class: java/lang/invoke/MethodHandles$Lookup (java.lang.IllegalArgumentException: Unsupported class file major version 66)
[30Jun2024 23:14:49.161] [main/WARN] [mixin/]: Error loading class: java/lang/invoke/MethodHandles$Lookup (java.lang.IllegalArgumentException: Unsupported class file major version 66)
[30Jun2024 23:14:49.164] [main/WARN] [mixin/]: Error loading class: java/lang/invoke/MethodHandles$Lookup (java.lang.IllegalArgumentException: Unsupported class file major version 66)
[30Jun2024 23:14:49.166] [main/WARN] [mixin/]: Error loading class: java/lang/invoke/MethodHandles$Lookup (java.lang.IllegalArgumentException: Unsupported class file major version 66)
[30Jun2024 23:14:49.167] [main/WARN] [mixin/]: Error loading class: java/lang/invoke/MethodHandles$Lookup (java.lang.IllegalArgumentException: Unsupported class file major version 66)
[30Jun2024 23:14:49.199] [main/WARN] [mixin/]: Error loading class: java/lang/invoke/MethodHandles$Lookup (java.lang.IllegalArgumentException: Unsupported class file major version 66)
[30Jun2024 23:14:49.212] [main/WARN] [mixin/]: Error loading class: java/lang/invoke/MethodHandles$Lookup (java.lang.IllegalArgumentException: Unsupported class file major version 66)
[30Jun2024 23:14:49.214] [main/WARN] [mixin/]: Error loading class: java/lang/invoke/MethodHandles$Lookup (java.lang.IllegalArgumentException: Unsupported class file major version 66)
[30Jun2024 23:14:49.219] [main/WARN] [mixin/]: Error loading class: java/lang/invoke/MethodHandles$Lookup (java.lang.IllegalArgumentException: Unsupported class file major version 66)
[30Jun2024 23:14:49.221] [main/WARN] [mixin/]: Error loading class: java/lang/invoke/MethodHandles$Lookup (java.lang.IllegalArgumentException: Unsupported class file major version 66)
[30Jun2024 23:14:49.223] [main/WARN] [mixin/]: Error loading class: java/lang/invoke/MethodHandles$Lookup (java.lang.IllegalArgumentException: Unsupported class file major version 66)
[30Jun2024 23:14:49.227] [main/WARN] [mixin/]: Error loading class: java/lang/invoke/MethodHandles$Lookup (java.lang.IllegalArgumentException: Unsupported class file major version 66)
[30Jun2024 23:14:49.232] [main/WARN] [mixin/]: Error loading class: java/lang/invoke/MethodHandles$Lookup (java.lang.IllegalArgumentException: Unsupported class file major version 66)
[30Jun2024 23:14:49.235] [main/WARN] [mixin/]: Error loading class: java/lang/invoke/MethodHandles$Lookup (java.lang.IllegalArgumentException: Unsupported class file major version 66)
[30Jun2024 23:14:49.236] [main/WARN] [mixin/]: Error loading class: java/lang/invoke/MethodHandles$Lookup (java.lang.IllegalArgumentException: Unsupported class file major version 66)
[30Jun2024 23:14:49.238] [main/WARN] [mixin/]: Error loading class: java/lang/invoke/MethodHandles$Lookup (java.lang.IllegalArgumentException: Unsupported class file major version 66)
[30Jun2024 23:14:49.240] [main/WARN] [mixin/]: Error loading class: java/lang/invoke/MethodHandles$Lookup (java.lang.IllegalArgumentException: Unsupported class file major version 66)
[30Jun2024 23:14:49.242] [main/WARN] [mixin/]: Error loading class: java/lang/invoke/MethodHandles$Lookup (java.lang.IllegalArgumentException: Unsupported class file major version 66)
[30Jun2024 23:14:49.243] [main/WARN] [mixin/]: Error loading class: java/lang/invoke/MethodHandles$Lookup (java.lang.IllegalArgumentException: Unsupported class file major version 66)
[30Jun2024 23:14:49.244] [main/WARN] [mixin/]: Error loading class: java/lang/invoke/MethodHandles$Lookup (java.lang.IllegalArgumentException: Unsupported class file major version 66)
[30Jun2024 23:14:49.245] [main/WARN] [mixin/]: Error loading class: java/lang/invoke/MethodHandles$Lookup (java.lang.IllegalArgumentException: Unsupported class file major version 66)
[30Jun2024 23:14:49.246] [main/WARN] [mixin/]: Error loading class: java/lang/invoke/MethodHandles$Lookup (java.lang.IllegalArgumentException: Unsupported class file major version 66)
[30Jun2024 23:14:49.251] [main/WARN] [mixin/]: Error loading class: java/lang/invoke/MethodHandles$Lookup (java.lang.IllegalArgumentException: Unsupported class file major version 66)
[30Jun2024 23:14:49.252] [main/WARN] [mixin/]: Error loading class: java/lang/invoke/MethodHandles$Lookup (java.lang.IllegalArgumentException: Unsupported class file major version 66)
[30Jun2024 23:14:49.257] [main/WARN] [mixin/]: Error loading class: java/lang/invoke/MethodHandles$Lookup (java.lang.IllegalArgumentException: Unsupported class file major version 66)
[30Jun2024 23:14:49.258] [main/WARN] [mixin/]: Error loading class: java/lang/invoke/MethodHandles$Lookup (java.lang.IllegalArgumentException: Unsupported class file major version 66)
[30Jun2024 23:14:49.262] [main/WARN] [mixin/]: Error loading class: java/lang/invoke/MethodHandles$Lookup (java.lang.IllegalArgumentException: Unsupported class file major version 66)
[30Jun2024 23:14:49.264] [main/WARN] [mixin/]: Error loading class: java/lang/invoke/MethodHandles$Lookup (java.lang.IllegalArgumentException: Unsupported class file major version 66)
[30Jun2024 23:14:49.272] [main/WARN] [mixin/]: Error loading class: java/lang/invoke/MethodHandles$Lookup (java.lang.IllegalArgumentException: Unsupported class file major version 66)
[30Jun2024 23:14:49.278] [main/WARN] [mixin/]: Error loading class: java/lang/invoke/MethodHandles$Lookup (java.lang.IllegalArgumentException: Unsupported class file major version 66)
[30Jun2024 23:14:49.280] [main/WARN] [mixin/]: Error loading class: java/lang/invoke/MethodHandles$Lookup (java.lang.IllegalArgumentException: Unsupported class file major version 66)
[30Jun2024 23:14:49.284] [main/WARN] [mixin/]: Error loading class: java/lang/invoke/MethodHandles$Lookup (java.lang.IllegalArgumentException: Unsupported class file major version 66)
[30Jun2024 23:14:49.287] [main/WARN] [mixin/]: Error loading class: java/lang/invoke/MethodHandles$Lookup (java.lang.IllegalArgumentException: Unsupported class file major version 66)
[30Jun2024 23:14:49.291] [main/WARN] [mixin/]: Error loading class: java/lang/invoke/MethodHandles$Lookup (java.lang.IllegalArgumentException: Unsupported class file major version 66)
[30Jun2024 23:14:49.292] [main/WARN] [mixin/]: Error loading class: java/lang/invoke/MethodHandles$Lookup (java.lang.IllegalArgumentException: Unsupported class file major version 66)
[30Jun2024 23:14:49.293] [main/WARN] [mixin/]: Error loading class: java/lang/invoke/MethodHandles$Lookup (java.lang.IllegalArgumentException: Unsupported class file major version 66)
[30Jun2024 23:14:49.294] [main/WARN] [mixin/]: Error loading class: java/lang/invoke/MethodHandles$Lookup (java.lang.IllegalArgumentException: Unsupported class file major version 66)
[30Jun2024 23:14:49.299] [main/WARN] [mixin/]: Error loading class: java/lang/invoke/MethodHandles$Lookup (java.lang.IllegalArgumentException: Unsupported class file major version 66)
[30Jun2024 23:14:49.302] [main/WARN] [mixin/]: Error loading class: java/lang/invoke/MethodHandles$Lookup (java.lang.IllegalArgumentException: Unsupported class file major version 66)
[30Jun2024 23:14:49.304] [main/WARN] [mixin/]: Error loading class: java/lang/invoke/MethodHandles$Lookup (java.lang.IllegalArgumentException: Unsupported class file major version 66)
[30Jun2024 23:14:49.307] [main/WARN] [mixin/]: Error loading class: java/lang/invoke/MethodHandles$Lookup (java.lang.IllegalArgumentException: Unsupported class file major version 66)
[30Jun2024 23:14:49.311] [main/WARN] [mixin/]: Error loading class: java/lang/invoke/MethodHandles$Lookup (java.lang.IllegalArgumentException: Unsupported class file major version 66)
[30Jun2024 23:14:49.313] [main/WARN] [mixin/]: Error loading class: java/lang/invoke/MethodHandles$Lookup (java.lang.IllegalArgumentException: Unsupported class file major version 66)
[30Jun2024 23:14:49.316] [main/WARN] [mixin/]: Error loading class: java/util/Map$Entry (java.lang.IllegalArgumentException: Unsupported class file major version 66)
[30Jun2024 23:14:49.319] [main/WARN] [mixin/]: Error loading class: java/util/Map$Entry (java.lang.IllegalArgumentException: Unsupported class file major version 66)
[30Jun2024 23:14:49.320] [main/WARN] [mixin/]: Error loading class: java/lang/invoke/MethodHandles$Lookup (java.lang.IllegalArgumentException: Unsupported class file major version 66)
[30Jun2024 23:14:49.322] [main/WARN] [mixin/]: Error loading class: java/lang/invoke/MethodHandles$Lookup (java.lang.IllegalArgumentException: Unsupported class file major version 66)
[30Jun2024 23:14:49.323] [main/WARN] [mixin/]: Error loading class: java/lang/invoke/MethodHandles$Lookup (java.lang.IllegalArgumentException: Unsupported class file major version 66)
[30Jun2024 23:14:49.325] [main/WARN] [mixin/]: Error loading class: java/util/Map$Entry (java.lang.IllegalArgumentException: Unsupported class file major version 66)
[30Jun2024 23:14:49.329] [main/WARN] [mixin/]: Error loading class: java/lang/invoke/MethodHandles$Lookup (java.lang.IllegalArgumentException: Unsupported class file major version 66)
[30Jun2024 23:14:49.331] [main/WARN] [mixin/]: Error loading class: java/lang/invoke/MethodHandles$Lookup (java.lang.IllegalArgumentException: Unsupported class file major version 66)
[30Jun2024 23:14:49.332] [main/WARN] [mixin/]: Error loading class: java/lang/invoke/MethodHandles$Lookup (java.lang.IllegalArgumentException: Unsupported class file major version 66)
[30Jun2024 23:14:49.342] [main/WARN] [mixin/]: Error loading class: java/lang/invoke/MethodHandles$Lookup (java.lang.IllegalArgumentException: Unsupported class file major version 66)
[30Jun2024 23:14:49.346] [main/WARN] [mixin/]: Error loading class: java/lang/invoke/MethodHandles$Lookup (java.lang.IllegalArgumentException: Unsupported class file major version 66)
[30Jun2024 23:14:49.347] [main/WARN] [mixin/]: Error loading class: java/lang/invoke/MethodHandles$Lookup (java.lang.IllegalArgumentException: Unsupported class file major version 66)
[30Jun2024 23:14:49.364] [main/WARN] [mixin/]: Error loading class: java/util/Map$Entry (java.lang.IllegalArgumentException: Unsupported class file major version 66)
[30Jun2024 23:14:49.365] [main/WARN] [mixin/]: Error loading class: java/lang/invoke/MethodHandles$Lookup (java.lang.IllegalArgumentException: Unsupported class file major version 66)
[30Jun2024 23:14:49.379] [main/INFO] [MixinExtras|Service/]: Initializing MixinExtras via com.llamalad7.mixinextras.service.MixinExtrasServiceImpl(version=0.3.2).
[30Jun2024 23:14:49.381] [main/WARN] [MixinExtras|Service/]: Found problematic active MixinExtras instance at ca.fxco.memoryleakfix.mixinextras (version 0.2.0-beta.8)
[30Jun2024 23:14:49.381] [main/WARN] [MixinExtras|Service/]: Versions from 0.2.0-beta.1 to 0.2.0-beta.9 have limited support and it is strongly recommended to update.
[30Jun2024 23:14:49.405] [main/WARN] [mixin/]: Error loading class: java/util/List (java.lang.IllegalArgumentException: Unsupported class file major version 66)
