[17Jul2024 00:31:55.635] [Server thread/INFO] [net.minecraft.server.MinecraftServer/]: Saving the game (this may take a moment!)
[17Jul2024 00:31:55.880] [Server thread/INFO] [net.minecraft.server.MinecraftServer/]: Saved the game
[17Jul2024 01:07:55.625] [Server thread/INFO] [net.minecraft.server.MinecraftServer/]: Saving the game (this may take a moment!)
[17Jul2024 01:07:55.852] [Server thread/INFO] [net.minecraft.server.MinecraftServer/]: Saved the game
[17Jul2024 01:43:55.669] [Server thread/INFO] [net.minecraft.server.MinecraftServer/]: Saving the game (this may take a moment!)
[17Jul2024 01:43:55.895] [Server thread/INFO] [net.minecraft.server.MinecraftServer/]: Saved the game
[17Jul2024 01:55:00.714] [Server thread/INFO] [net.minecraft.server.MinecraftServer/]: Stopping the server
[17Jul2024 01:55:00.762] [Server thread/INFO] [net.minecraft.server.MinecraftServer/]: Stopping server
[17Jul2024 01:55:00.763] [Server thread/INFO] [net.minecraft.server.MinecraftServer/]: Saving players
[17Jul2024 01:55:00.764] [Server thread/INFO] [net.minecraft.server.MinecraftServer/]: Saving worlds
[17Jul2024 01:55:00.779] [Server thread/INFO] [net.minecraft.server.MinecraftServer/]: Saving chunks for level 'ServerLevel[world]'/minecraft:overworld
[17Jul2024 01:55:00.998] [Server thread/INFO] [net.minecraft.server.MinecraftServer/]: Saving chunks for level 'ServerLevel[world]'/minecraft:the_end
[17Jul2024 01:55:01.000] [Server thread/INFO] [net.minecraft.server.MinecraftServer/]: Saving chunks for level 'ServerLevel[world]'/minecraft:the_nether
[17Jul2024 01:55:01.065] [Server thread/INFO] [net.minecraft.server.MinecraftServer/]: Saving chunks for level 'ServerLevel[world]'/aether:the_aether
[17Jul2024 01:55:01.180] [Server thread/INFO] [net.minecraft.server.MinecraftServer/]: ThreadedAnvilChunkStorage (world): All chunks are saved
[17Jul2024 01:55:01.181] [Server thread/INFO] [net.minecraft.server.MinecraftServer/]: ThreadedAnvilChunkStorage (DIM1): All chunks are saved
[17Jul2024 01:55:01.181] [Server thread/INFO] [net.minecraft.server.MinecraftServer/]: ThreadedAnvilChunkStorage (DIM-1): All chunks are saved
[17Jul2024 01:55:01.181] [Server thread/INFO] [net.minecraft.server.MinecraftServer/]: ThreadedAnvilChunkStorage (the_aether): All chunks are saved
[17Jul2024 01:55:01.181] [Server thread/INFO] [net.minecraft.server.MinecraftServer/]: ThreadedAnvilChunkStorage: All dimensions are saved
[17Jul2024 01:55:01.301] [Server thread/INFO] [configured/]: Unloading server configs...
[17Jul2024 01:55:01.301] [Server thread/INFO] [configured/]: Sending config unload event for configured.developer.toml
